Arguments: 
  C:\Program Files\nodejs\node.exe C:\Users\SOS\AppData\Roaming\npm\node_modules\yarn\bin\yarn.js --ignore-platform

PATH: 
  C:\Program Files\Eclipse Adoptium\jdk-17.0.4.101-hotspot\bin;C:\WINDOWS\system32;C:\WINDOWS;C:\WINDOWS\System32\Wbem;C:\WINDOWS\System32\WindowsPowerShell\v1.0\;C:\WINDOWS\System32\OpenSSH\;C:\Program Files\dotnet\;C:\Users\SOS\AppData\Local\Android\Sdk\platforms;C:\Users\SOS\AppData\Local\Android\Sdk\platform-tools;C:\Program Files\Git\cmd;C:\Program Files\nodejs\;C:\Program Files (x86)\Microsoft SQL Server\160\Tools\Binn\;C:\Program Files\Microsoft SQL Server\160\Tools\Binn\;C:\Program Files\Microsoft SQL Server\Client SDK\ODBC\170\Tools\Binn\;C:\Program Files\Microsoft SQL Server\160\DTS\Binn\;C:\Program Files (x86)\Microsoft SQL Server\160\DTS\Binn\;C:\Program Files\Azure Data Studio\bin;C:\Program Files (x86)\Microsoft SQL Server\150\DTS\Binn\;C:\Program Files (x86)\Microsoft SQL Server\150\Tools\Binn\;C:\Program Files\Microsoft SQL Server\150\Tools\Binn\;C:\Program Files\Microsoft SQL Server\150\DTS\Binn\;C:\Program Files\Microsoft SQL Server\130\Tools\Binn\;C:\Users\SOS\AppData\Local\Microsoft\WindowsApps;C:\Users\SOS\AppData\Local\Programs\Microsoft VS Code\bin;C:\Program Files\Azure Data Studio\bin;C:\src\flutter\bin;C:\Users\SOS\AppData\Local\Android\Sdk\platform-tools;C:\Users\SOS\AppData\Local\Android\Sdk\platforms;C:\Users\SOS\AppData\Roaming\npm;C:\Users\SOS\.dotnet\tools;C:\Program Files\Microsoft SQL Server\130\LocalDB\Binn;;C:\Program Files\Azure Data Studio\bin;C:\Program Files\Azure Data Studio\bin

Yarn version: 
  1.22.19

Node version: 
  19.0.0

Platform: 
  win32 x64

Trace: 
  Error: getaddrinfo ENOTFOUND registry.yarnpkg.com
      at GetAddrInfoReqWrap.onlookup [as oncomplete] (node:dns:107:26)

npm manifest: 
  {
    "name": "server",
    "version": "1.0.0",
    "description": "",
    "main": "index.js",
    "scripts": {
      "start": "node ./index.js",
      "dev": "nodemon res./index.js"
    },
    "author": "",
    "license": "ISC",
    "dependencies": {
      "express": "^4.18.2",
      "http": "^0.0.1-security",
      "mongoose": "^6.7.0"
    },
    "devDependencies": {
      "nodemon": "^2.0.20"
    }
    
  
  
  }

yarn manifest: 
  No manifest

Lockfile: 
  No lockfile
